rm -f tiny_md *.o *.xyz *.dat perf.*

 Performance counter stats for './tiny_md' (30 runs):

          18638.03 msec task-clock                #    0.999 CPUs utilized            ( +-  0.12% )
              1873      context-switches          #    0.100 K/sec                    ( +-  0.17% )
                 0      cpu-migrations            #    0.000 K/sec                  
               100      page-faults               #    0.005 K/sec                    ( +-  0.23% )
       59951042790      cycles                    #    3.217 GHz                      ( +-  0.10% )
       96312172320      instructions              #    1.61  insn per cycle           ( +-  0.00% )
        8689322176      branches                  #  466.215 M/sec                    ( +-  0.00% )
         512142761      branch-misses             #    5.89% of all branches          ( +-  0.01% )

           18.6624 +- 0.0231 seconds time elapsed  ( +-  0.12% )

rm -f tiny_md *.o *.xyz *.dat perf.*

 Performance counter stats for './tiny_md' (30 runs):

           9962.43 msec task-clock                #    0.999 CPUs utilized            ( +-  0.40% )
               984      context-switches          #    0.099 K/sec                    ( +-  0.38% )
                 0      cpu-migrations            #    0.000 K/sec                  
               100      page-faults               #    0.010 K/sec                    ( +-  0.25% )
       32098266351      cycles                    #    3.222 GHz                      ( +-  0.42% )
       45446362541      instructions              #    1.42  insn per cycle           ( +-  0.00% )
        8616804754      branches                  #  864.930 M/sec                    ( +-  0.00% )
         512666337      branch-misses             #    5.95% of all branches          ( +-  0.01% )

            9.9750 +- 0.0403 seconds time elapsed  ( +-  0.40% )

rm -f tiny_md *.o *.xyz *.dat perf.*

 Performance counter stats for './tiny_md' (30 runs):

           9311.15 msec task-clock                #    0.999 CPUs utilized            ( +-  0.08% )
               926      context-switches          #    0.099 K/sec                    ( +-  0.14% )
                 0      cpu-migrations            #    0.000 K/sec                  
                99      page-faults               #    0.011 K/sec                    ( +-  0.26% )
       29910029363      cycles                    #    3.212 GHz                      ( +-  0.00% )
       38496122501      instructions              #    1.29  insn per cycle           ( +-  0.00% )
        8475375941      branches                  #  910.239 M/sec                    ( +-  0.00% )
         508419334      branch-misses             #    6.00% of all branches          ( +-  0.00% )

           9.32417 +- 0.00798 seconds time elapsed  ( +-  0.09% )

rm -f tiny_md *.o *.xyz *.dat perf.*

 Performance counter stats for './tiny_md' (30 runs):

           7598.83 msec task-clock                #    0.999 CPUs utilized            ( +-  0.06% )
               761      context-switches          #    0.100 K/sec                    ( +-  0.15% )
                 0      cpu-migrations            #    0.000 K/sec                  
               100      page-faults               #    0.013 K/sec                    ( +-  0.26% )
       24429306909      cycles                    #    3.215 GHz                      ( +-  0.01% )
       29885617013      instructions              #    1.22  insn per cycle           ( +-  0.00% )
        5180516531      branches                  #  681.752 M/sec                    ( +-  0.00% )
         543184529      branch-misses             #   10.49% of all branches          ( +-  0.01% )

           7.60901 +- 0.00470 seconds time elapsed  ( +-  0.06% )

rm -f tiny_md *.o *.xyz *.dat perf.*

 Performance counter stats for './tiny_md' (30 runs):

           7550.19 msec task-clock                #    0.999 CPUs utilized            ( +-  0.05% )
               750      context-switches          #    0.099 K/sec                    ( +-  0.16% )
                 0      cpu-migrations            #    0.000 K/sec                  
               100      page-faults               #    0.013 K/sec                    ( +-  0.21% )
       24313825956      cycles                    #    3.220 GHz                      ( +-  0.00% )
       29798232146      instructions              #    1.23  insn per cycle           ( +-  0.00% )
        5171256590      branches                  #  684.917 M/sec                    ( +-  0.00% )
         539678355      branch-misses             #   10.44% of all branches          ( +-  0.00% )

           7.55953 +- 0.00359 seconds time elapsed  ( +-  0.05% )

rm -f tiny_md *.o *.xyz *.dat perf.*

 Performance counter stats for './tiny_md' (30 runs):

           7399.01 msec task-clock                #    0.999 CPUs utilized            ( +-  0.10% )
               737      context-switches          #    0.100 K/sec                    ( +-  0.19% )
                 0      cpu-migrations            #    0.000 K/sec                  
               100      page-faults               #    0.013 K/sec                    ( +-  0.25% )
       23896290816      cycles                    #    3.230 GHz                      ( +-  0.01% )
       26772226618      instructions              #    1.12  insn per cycle           ( +-  0.00% )
        5145649032      branches                  #  695.451 M/sec                    ( +-  0.00% )
         554316052      branch-misses             #   10.77% of all branches          ( +-  0.02% )

           7.40749 +- 0.00770 seconds time elapsed  ( +-  0.10% )

rm -f tiny_md *.o *.xyz *.dat perf.*

 Performance counter stats for './tiny_md' (30 runs):

           9957.59 msec task-clock                #    0.999 CPUs utilized            ( +-  0.09% )
               988      context-switches          #    0.099 K/sec                    ( +-  0.14% )
                 0      cpu-migrations            #    0.000 K/sec                  
               100      page-faults               #    0.010 K/sec                    ( +-  0.24% )
       32127533185      cycles                    #    3.226 GHz                      ( +-  0.01% )
       44302936552      instructions              #    1.38  insn per cycle           ( +-  0.00% )
        8590057281      branches                  #  862.665 M/sec                    ( +-  0.00% )
         510456371      branch-misses             #    5.94% of all branches          ( +-  0.00% )

           9.96937 +- 0.00948 seconds time elapsed  ( +-  0.10% )

rm -f tiny_md *.o *.xyz *.dat perf.*

 Performance counter stats for './tiny_md' (30 runs):

           7519.94 msec task-clock                #    0.999 CPUs utilized            ( +-  0.13% )
               759      context-switches          #    0.101 K/sec                    ( +-  0.31% )
                 0      cpu-migrations            #    0.000 K/sec                    ( +-100.00% )
               100      page-faults               #    0.013 K/sec                    ( +-  0.25% )
       24300490527      cycles                    #    3.231 GHz                      ( +-  0.01% )
       29777099804      instructions              #    1.23  insn per cycle           ( +-  0.00% )
        5163799002      branches                  #  686.680 M/sec                    ( +-  0.00% )
         539851442      branch-misses             #   10.45% of all branches          ( +-  0.02% )

           7.52847 +- 0.00999 seconds time elapsed  ( +-  0.13% )

rm -f tiny_md *.o *.xyz *.dat perf.*

 Performance counter stats for './tiny_md' (30 runs):

           9931.24 msec task-clock                #    0.999 CPUs utilized            ( +-  0.16% )
               987      context-switches          #    0.099 K/sec                    ( +-  0.20% )
                 0      cpu-migrations            #    0.000 K/sec                  
               100      page-faults               #    0.010 K/sec                    ( +-  0.25% )
       32071641921      cycles                    #    3.229 GHz                      ( +-  0.08% )
       45540626093      instructions              #    1.42  insn per cycle           ( +-  0.00% )
        8617445363      branches                  #  867.711 M/sec                    ( +-  0.00% )
         500512408      branch-misses             #    5.81% of all branches          ( +-  0.00% )

            9.9423 +- 0.0162 seconds time elapsed  ( +-  0.16% )

rm -f tiny_md *.o *.xyz *.dat perf.*

 Performance counter stats for './tiny_md' (30 runs):

           7421.11 msec task-clock                #    0.999 CPUs utilized            ( +-  0.09% )
               739      context-switches          #    0.100 K/sec                    ( +-  0.16% )
                 0      cpu-migrations            #    0.000 K/sec                  
               100      page-faults               #    0.013 K/sec                    ( +-  0.21% )
       23894999682      cycles                    #    3.220 GHz                      ( +-  0.00% )
       26772677766      instructions              #    1.12  insn per cycle           ( +-  0.00% )
        5145750629      branches                  #  693.394 M/sec                    ( +-  0.00% )
         554190549      branch-misses             #   10.77% of all branches          ( +-  0.01% )

           7.42994 +- 0.00671 seconds time elapsed  ( +-  0.09% )

rm -f tiny_md *.o *.xyz *.dat perf.*

 Performance counter stats for './tiny_md' (30 runs):

          10096.72 msec task-clock                #    0.999 CPUs utilized            ( +-  0.07% )
              1003      context-switches          #    0.099 K/sec                    ( +-  0.14% )
                 0      cpu-migrations            #    0.000 K/sec                    ( +-100.00% )
               101      page-faults               #    0.010 K/sec                    ( +-  0.96% )
       32419126170      cycles                    #    3.211 GHz                      ( +-  0.01% )
       37597839735      instructions              #    1.16  insn per cycle           ( +-  0.00% )
        8590154536      branches                  #  850.787 M/sec                    ( +-  0.00% )
         514676913      branch-misses             #    5.99% of all branches          ( +-  0.00% )

          10.11175 +- 0.00676 seconds time elapsed  ( +-  0.07% )

rm -f tiny_md *.o *.xyz *.dat perf.*

 Performance counter stats for './tiny_md' (30 runs):

           7431.87 msec task-clock                #    0.999 CPUs utilized            ( +-  0.21% )
               740      context-switches          #    0.100 K/sec                    ( +-  0.24% )
                 0      cpu-migrations            #    0.000 K/sec                  
               100      page-faults               #    0.013 K/sec                    ( +-  0.23% )
       23758271494      cycles                    #    3.197 GHz                      ( +-  0.01% )
       21965894987      instructions              #    0.92  insn per cycle           ( +-  0.00% )
        5162195859      branches                  #  694.602 M/sec                    ( +-  0.00% )
         554510156      branch-misses             #   10.74% of all branches          ( +-  0.02% )

            7.4398 +- 0.0161 seconds time elapsed  ( +-  0.22% )

rm -f tiny_md *.o *.xyz *.dat perf.*

 Performance counter stats for './tiny_md' (30 runs):

           7505.77 msec task-clock                #    0.999 CPUs utilized            ( +-  0.23% )
               749      context-switches          #    0.100 K/sec                    ( +-  0.28% )
                 0      cpu-migrations            #    0.000 K/sec                  
               100      page-faults               #    0.013 K/sec                    ( +-  0.30% )
       24235460526      cycles                    #    3.229 GHz                      ( +-  0.17% )
       39107320882      instructions              #    1.61  insn per cycle           ( +-  0.00% )
        7027424702      branches                  #  936.270 M/sec                    ( +-  0.00% )
         275166445      branch-misses             #    3.92% of all branches          ( +-  0.00% )

            7.5141 +- 0.0177 seconds time elapsed  ( +-  0.24% )

rm -f tiny_md *.o *.xyz *.dat perf.*

 Performance counter stats for './tiny_md' (30 runs):

           5930.48 msec task-clock                #    0.999 CPUs utilized            ( +-  0.15% )
               592      context-switches          #    0.100 K/sec                    ( +-  0.23% )
                 0      cpu-migrations            #    0.000 K/sec                  
               100      page-faults               #    0.017 K/sec                    ( +-  0.26% )
       18982832899      cycles                    #    3.201 GHz                      ( +-  0.03% )
       21657219100      instructions              #    1.14  insn per cycle           ( +-  0.00% )
        3489286471      branches                  #  588.364 M/sec                    ( +-  0.00% )
         291154374      branch-misses             #    8.34% of all branches          ( +-  0.01% )

           5.93759 +- 0.00927 seconds time elapsed  ( +-  0.16% )

rm -f tiny_md *.o *.xyz *.dat perf.*

 Performance counter stats for './tiny_md' (30 runs):

           7568.51 msec task-clock                #    0.999 CPUs utilized            ( +-  0.13% )
               754      context-switches          #    0.100 K/sec                    ( +-  0.17% )
                 0      cpu-migrations            #    0.000 K/sec                    ( +- 69.48% )
                99      page-faults               #    0.013 K/sec                    ( +-  0.22% )
       24373719291      cycles                    #    3.220 GHz                      ( +-  0.02% )
       39024661832      instructions              #    1.60  insn per cycle           ( +-  0.00% )
        7000628947      branches                  #  924.968 M/sec                    ( +-  0.00% )
         275926758      branch-misses             #    3.94% of all branches          ( +-  0.01% )

            7.5767 +- 0.0101 seconds time elapsed  ( +-  0.13% )

rm -f tiny_md *.o *.xyz *.dat perf.*

 Performance counter stats for './tiny_md' (30 runs):

           5878.79 msec task-clock                #    0.999 CPUs utilized            ( +-  0.09% )
               587      context-switches          #    0.100 K/sec                    ( +-  0.19% )
                 0      cpu-migrations            #    0.000 K/sec                  
               100      page-faults               #    0.017 K/sec                    ( +-  0.26% )
       18668260253      cycles                    #    3.176 GHz                      ( +-  0.01% )
       21643950492      instructions              #    1.16  insn per cycle           ( +-  0.00% )
        3485130821      branches                  #  592.831 M/sec                    ( +-  0.00% )
         277188017      branch-misses             #    7.95% of all branches          ( +-  0.00% )

           5.88605 +- 0.00520 seconds time elapsed  ( +-  0.09% )

rm -f tiny_md *.o *.xyz *.dat perf.*

 Performance counter stats for './tiny_md' (30 runs):

          10001.51 msec task-clock                #    0.999 CPUs utilized            ( +-  0.35% )
               996      context-switches          #    0.100 K/sec                    ( +-  0.40% )
                 0      cpu-migrations            #    0.000 K/sec                    ( +-100.00% )
               101      page-faults               #    0.010 K/sec                    ( +-  0.91% )
       32164933052      cycles                    #    3.216 GHz                      ( +-  0.35% )
       45446922590      instructions              #    1.41  insn per cycle           ( +-  0.00% )
        8616932568      branches                  #  861.563 M/sec                    ( +-  0.00% )
         514207188      branch-misses             #    5.97% of all branches          ( +-  0.01% )

           10.0138 +- 0.0351 seconds time elapsed  ( +-  0.35% )

rm -f tiny_md *.o *.xyz *.dat perf.*

 Performance counter stats for './tiny_md' (30 runs):

           7560.92 msec task-clock                #    0.999 CPUs utilized            ( +-  0.04% )
               754      context-switches          #    0.100 K/sec                    ( +-  0.14% )
                 0      cpu-migrations            #    0.000 K/sec                  
               100      page-faults               #    0.013 K/sec                    ( +-  0.20% )
       24318975217      cycles                    #    3.216 GHz                      ( +-  0.02% )
       29798615556      instructions              #    1.23  insn per cycle           ( +-  0.00% )
        5171346693      branches                  #  683.957 M/sec                    ( +-  0.00% )
         539666541      branch-misses             #   10.44% of all branches          ( +-  0.00% )

           7.57031 +- 0.00344 seconds time elapsed  ( +-  0.05% )

rm -f tiny_md *.o *.xyz *.dat perf.*

 Performance counter stats for './tiny_md' (30 runs):

          10039.44 msec task-clock                #    0.999 CPUs utilized            ( +-  0.09% )
               993      context-switches          #    0.099 K/sec                    ( +-  0.12% )
                 0      cpu-migrations            #    0.000 K/sec                  
               100      page-faults               #    0.010 K/sec                    ( +-  0.26% )
       32347298830      cycles                    #    3.222 GHz                      ( +-  0.01% )
       37597860886      instructions              #    1.16  insn per cycle           ( +-  0.00% )
        8590163776      branches                  #  855.642 M/sec                    ( +-  0.00% )
         511977259      branch-misses             #    5.96% of all branches          ( +-  0.00% )

          10.05183 +- 0.00895 seconds time elapsed  ( +-  0.09% )

rm -f tiny_md *.o *.xyz *.dat perf.*

 Performance counter stats for './tiny_md' (30 runs):

           7452.16 msec task-clock                #    0.999 CPUs utilized            ( +-  0.16% )
               741      context-switches          #    0.099 K/sec                    ( +-  0.21% )
                 0      cpu-migrations            #    0.000 K/sec                  
               100      page-faults               #    0.013 K/sec                    ( +-  0.26% )
       23760584675      cycles                    #    3.188 GHz                      ( +-  0.02% )
       21965944241      instructions              #    0.92  insn per cycle           ( +-  0.00% )
        5162207239      branches                  #  692.713 M/sec                    ( +-  0.00% )
         554391080      branch-misses             #   10.74% of all branches          ( +-  0.01% )

            7.4606 +- 0.0123 seconds time elapsed  ( +-  0.16% )

rm -f tiny_md *.o *.xyz *.dat perf.*
gcc: error: unrecognized command-line option ‘-fuswitch-loops’; did you mean ‘-funswitch-loops’?
make: *** [Makefile:21: tiny_md.o] Error 1
Workload failed: No such file or directory
Workload failed: No such file or directory
Workload failed: No such file or directory
Workload failed: No such file or directory
Workload failed: No such file or directory
Workload failed: No such file or directory
Workload failed: No such file or directory
Workload failed: No such file or directory
Workload failed: No such file or directory
Workload failed: No such file or directory
Workload failed: No such file or directory
Workload failed: No such file or directory
Workload failed: No such file or directory
Workload failed: No such file or directory
Workload failed: No such file or directory
Workload failed: No such file or directory
Workload failed: No such file or directory
Workload failed: No such file or directory
Workload failed: No such file or directory
Workload failed: No such file or directory
Workload failed: No such file or directory
Workload failed: No such file or directory
Workload failed: No such file or directory
Workload failed: No such file or directory
Workload failed: No such file or directory
Workload failed: No such file or directory
Workload failed: No such file or directory
Workload failed: No such file or directory
Workload failed: No such file or directory
Workload failed: No such file or directory
rm -f tiny_md *.o *.xyz *.dat perf.*

 Performance counter stats for './tiny_md' (30 runs):

           5962.81 msec task-clock                #    0.999 CPUs utilized            ( +-  0.08% )
               593      context-switches          #    0.099 K/sec                    ( +-  0.15% )
                 0      cpu-migrations            #    0.000 K/sec                  
               100      page-faults               #    0.017 K/sec                    ( +-  0.22% )
       18974519107      cycles                    #    3.182 GHz                      ( +-  0.00% )
       21657327701      instructions              #    1.14  insn per cycle           ( +-  0.00% )
        3489304576      branches                  #  585.178 M/sec                    ( +-  0.00% )
         291104625      branch-misses             #    8.34% of all branches          ( +-  0.00% )

           5.97017 +- 0.00464 seconds time elapsed  ( +-  0.08% )

rm -f tiny_md *.o *.xyz *.dat perf.*
gcc: error: unrecognized command-line option ‘-fuswitch-loops’; did you mean ‘-funswitch-loops’?
make: *** [Makefile:21: tiny_md.o] Error 1
Workload failed: No such file or directory
Workload failed: No such file or directory
Workload failed: No such file or directory
Workload failed: No such file or directory
Workload failed: No such file or directory
Workload failed: No such file or directory
Workload failed: No such file or directory
Workload failed: No such file or directory
Workload failed: No such file or directory
Workload failed: No such file or directory
Workload failed: No such file or directory
Workload failed: No such file or directory
Workload failed: No such file or directory
Workload failed: No such file or directory
Workload failed: No such file or directory
Workload failed: No such file or directory
Workload failed: No such file or directory
Workload failed: No such file or directory
Workload failed: No such file or directory
Workload failed: No such file or directory
Workload failed: No such file or directory
Workload failed: No such file or directory
Workload failed: No such file or directory
Workload failed: No such file or directory
Workload failed: No such file or directory
Workload failed: No such file or directory
Workload failed: No such file or directory
Workload failed: No such file or directory
Workload failed: No such file or directory
Workload failed: No such file or directory
rm -f tiny_md *.o *.xyz *.dat perf.*

 Performance counter stats for './tiny_md' (30 runs):

           5855.39 msec task-clock                #    0.999 CPUs utilized            ( +-  0.16% )
               584      context-switches          #    0.100 K/sec                    ( +-  0.17% )
                 0      cpu-migrations            #    0.000 K/sec                  
                99      page-faults               #    0.017 K/sec                    ( +-  0.21% )
       18817663804      cycles                    #    3.214 GHz                      ( +-  0.05% )
       23052671838      instructions              #    1.23  insn per cycle           ( +-  0.00% )
        4884909008      branches                  #  834.259 M/sec                    ( +-  0.00% )
         280041501      branch-misses             #    5.73% of all branches          ( +-  0.12% )

           5.86164 +- 0.00981 seconds time elapsed  ( +-  0.17% )

rm -f tiny_md *.o *.xyz *.dat perf.*

 Performance counter stats for './tiny_md' (30 runs):

           5831.86 msec task-clock                #    0.999 CPUs utilized            ( +-  0.17% )
               582      context-switches          #    0.100 K/sec                    ( +-  0.23% )
                 0      cpu-migrations            #    0.000 K/sec                  
                99      page-faults               #    0.017 K/sec                    ( +-  0.18% )
       18856354097      cycles                    #    3.233 GHz                      ( +-  0.05% )
       23052500379      instructions              #    1.22  insn per cycle           ( +-  0.00% )
        4884866961      branches                  #  837.617 M/sec                    ( +-  0.00% )
         281174026      branch-misses             #    5.76% of all branches          ( +-  0.12% )

            5.8372 +- 0.0102 seconds time elapsed  ( +-  0.17% )

